[2024-05-29T16:52:35.700+0000] {taskinstance.py:1157} INFO - Dependencies all met for dep_context=non-requeueable deps ti=<TaskInstance: spark_airflow.wordcount manual__2024-05-29T16:52:11.646113+00:00 [queued]>
[2024-05-29T16:52:35.739+0000] {taskinstance.py:1157} INFO - Dependencies all met for dep_context=requeueable deps ti=<TaskInstance: spark_airflow.wordcount manual__2024-05-29T16:52:11.646113+00:00 [queued]>
[2024-05-29T16:52:35.741+0000] {taskinstance.py:1359} INFO - Starting attempt 1 of 1
[2024-05-29T16:52:35.801+0000] {taskinstance.py:1380} INFO - Executing <Task(SparkSubmitOperator): wordcount> on 2024-05-29 16:52:11.646113+00:00
[2024-05-29T16:52:35.836+0000] {standard_task_runner.py:84} INFO - Running: ['***', 'tasks', 'run', 'spark_***', 'wordcount', 'manual__2024-05-29T16:52:11.646113+00:00', '--job-id', '6', '--raw', '--subdir', 'DAGS_FOLDER/spark_***.py', '--cfg-path', '/tmp/tmpq7rczb6u']
[2024-05-29T16:52:35.868+0000] {standard_task_runner.py:85} INFO - Job 6: Subtask wordcount
[2024-05-29T16:52:35.831+0000] {standard_task_runner.py:57} INFO - Started process 518 to run task
[2024-05-29T16:52:36.296+0000] {task_command.py:415} INFO - Running <TaskInstance: spark_airflow.wordcount manual__2024-05-29T16:52:11.646113+00:00 [running]> on host 7df4d1012db3
[2024-05-29T16:52:37.818+0000] {taskinstance.py:1660} INFO - Exporting env vars: AIRFLOW_CTX_DAG_OWNER='Bagas Prakasa' AIRFLOW_CTX_DAG_ID='spark_***' AIRFLOW_CTX_TASK_ID='wordcount' AIRFLOW_CTX_EXECUTION_DATE='2024-05-29T16:52:11.646113+00:00' AIRFLOW_CTX_TRY_NUMBER='1' AIRFLOW_CTX_DAG_RUN_ID='manual__2024-05-29T16:52:11.646113+00:00'
[2024-05-29T16:52:37.891+0000] {base.py:73} INFO - Using connection ID 'spark-conn' for task execution.
[2024-05-29T16:52:37.895+0000] {spark_submit.py:401} INFO - Spark-Submit cmd: spark-submit --master spark://172.21.0.3:7077 --name arrow-spark --deploy-mode client jobs/python/wordcount.py
[2024-05-29T16:52:38.953+0000] {spark_submit.py:571} INFO - /home/***/.local/lib/python3.11/site-packages/pyspark/bin/load-spark-env.sh: line 68: ps: command not found
[2024-05-29T16:52:38.969+0000] {spark_submit.py:571} INFO - /home/***/.local/lib/python3.11/site-packages/pyspark/bin/spark-class: line 71: /usr/lib/jvm/java-11-openjdk-arm64/bin/java: No such file or directory
[2024-05-29T16:52:38.975+0000] {spark_submit.py:571} INFO - /home/***/.local/lib/python3.11/site-packages/pyspark/bin/spark-class: line 97: CMD: bad array subscript
[2024-05-29T16:52:39.116+0000] {taskinstance.py:1935} ERROR - Task failed with exception
Traceback (most recent call last):
  File "/home/airflow/.local/lib/python3.11/site-packages/airflow/providers/apache/spark/operators/spark_submit.py", line 174, in execute
    self._hook.submit(self.application)
  File "/home/airflow/.local/lib/python3.11/site-packages/airflow/providers/apache/spark/hooks/spark_submit.py", line 502, in submit
    raise AirflowException(
airflow.exceptions.AirflowException: Cannot execute: spark-submit --master spark://172.21.0.3:7077 --name arrow-spark --deploy-mode client jobs/python/wordcount.py. Error code is: 1.
[2024-05-29T16:52:39.133+0000] {taskinstance.py:1398} INFO - Marking task as FAILED. dag_id=spark_***, task_id=wordcount, execution_date=20240529T165211, start_date=20240529T165235, end_date=20240529T165239
[2024-05-29T16:52:39.204+0000] {standard_task_runner.py:104} ERROR - Failed to execute job 6 for task wordcount (Cannot execute: spark-submit --master spark://172.21.0.3:7077 --name arrow-spark --deploy-mode client jobs/python/wordcount.py. Error code is: 1.; 518)
[2024-05-29T16:52:39.296+0000] {local_task_job_runner.py:228} INFO - Task exited with return code 1
[2024-05-29T16:52:39.565+0000] {taskinstance.py:2776} INFO - 0 downstream tasks scheduled from follow-on schedule check
